<?xml version="1.0" encoding="UTF-8"?>
<kml xmlns="http://www.opengis.net/kml/2.2" xmlns:gx="http://www.google.com/kml/ext/2.2" xmlns:kml="http://www.opengis.net/kml/2.2" xmlns:atom="http://www.w3.org/2005/Atom">
  <Document>
    <name>Converted from GPX file</name>
    <description><![CDATA[<p>Converted using <b><a href='http://github.com/fahadkhan2000/GPX_2_KML_Converter_Ruby' title='Go to gpx2kml on github'>Github</a></b></p>]]></description>
    <visibility>1</visibility>
    <open>1</open>
    <Style id="red">
      <LineStyle>
        <color>C81400FF</color>
        <width>4</width>
      </LineStyle>
    </Style>
    <Style id="blue">
      <LineStyle>
        <color>C8FF7800</color>
        <width>4</width>
      </LineStyle>
    </Style>
    <Style id="pink">
      <LineStyle>
        <color>96F0FF14</color>
        <width>4</width>
      </LineStyle>
    </Style>
    <Style id="green">
      <LineStyle>
        <color>C878FF00</color>
        <width>4</width>
      </LineStyle>
    </Style>
    <Style id="orange">
      <LineStyle>
        <color>C81478FF</color>
        <width>4</width>
      </LineStyle>
    </Style>
    <Style id="dark_green">
      <LineStyle>
        <color>96008C14</color>
        <width>4</width>
      </LineStyle>
    </Style>
    <Style id="pink2">
      <LineStyle>
        <color>C8A078F0</color>
        <width>4</width>
      </LineStyle>
    </Style>
    <Folder>
      <name>Tracks</name>
      <description>A list of tracks</description>
      <visibility>1</visibility>
      <open>0</open>
      <Placemark>
        <visibility>0</visibility>
        <open>0</open>
        <styleUrl>#red</styleUrl>
        <name>kmlFile</name>
        <description>this is kml file</description>
        <LineString>
          <extrude>true</extrude>
          <tessellate>true</tessellate>
          <altitudeMode>clampToGround</altitudeMode>
          <coordinates>-8.8834912609309, 51.6204618941993, 0.0, 
-8.88171488419175, 51.6195206064731, 0.0, 
-8.88075582683086, 51.6187442746013, 0.0, 
-8.8805986661464, 51.6181993670762, 0.0, 
-8.88082003220916, 51.6169217973948, 0.0, 
-8.88006608001888, 51.6158318147063, 0.0, 
-8.87875506654382, 51.6152535472065, 0.0, 
-8.87701104395092, 51.6149419918656, 0.0, 
-8.8752225972712, 51.6136947646737, 0.0, 
-8.8752918317914, 51.6133718099445, 0.0, 
-8.87625466100872, 51.6121930629015, 0.0, 
-8.87617578729987, 51.6114562936127, 0.0, 
-8.87579692527652, 51.6110159922391, 0.0, 
-8.87573909014463, 51.6106837335974, 0.0, 
-8.87589935213327, 51.6103425063193, 0.0, 
-8.87657962739468, 51.6098119318485, 0.0, 
-8.87700207531452, 51.6089099552482, 0.0, 
-8.87710207141936, 51.6060268320143, 0.0, 
-8.87886352837086, 51.6060970723629, 0.0, 
-8.88275683857501, 51.6056757140905, 0.0, 
-8.88409425504506, 51.6049800161272, 0.0, 
-8.88494309037924, 51.6043465118855, 0.0, 
-8.88532882556319, 51.6037593595684, 0.0, 
-8.88550082221627, 51.6028921678662, 0.0, 
-8.88562822714448, 51.6028264537454, 0.0, 
-8.89245486818254, 51.6042620223016, 0.0, 
-8.89600527472794, 51.6057397518307, 0.0, 
-8.89777611941099, 51.6061522252858, 0.0, 
-8.89911663718522, 51.6067480947822, 0.0, 
-8.90249588526785, 51.6069646831602, 0.0, 
-8.90414485707879, 51.6073496639729, 0.0, 
-8.90541320666671, 51.6071125399321, 0.0, 
-8.9054898172617, 51.6069759149104, 0.0, 
-8.90409884043038, 51.6045113001019, 0.0, 
-8.90349986962974, 51.6041950508952, 0.0, 
-8.90164906159043, 51.6039000079036, 0.0, 
-8.9007770922035, 51.6034406796098, 0.0, 
-8.9000342041254, 51.6026184149086, 0.0, 
-8.89987394213676, 51.6017476189882, 0.0, 
-8.90034349635243, 51.6011776495725, 0.0, 
-8.90263309702277, 51.5998407360166, 0.0, 
-8.90586993657053, 51.5992773883045, 0.0, 
-8.90878507867455, 51.5977040212601, 0.0, 
-8.90911440365016, 51.5972699224949, 0.0, 
-8.90925907529891, 51.5962201729417, 0.0, 
-8.90903209336102, 51.5958848129958, 0.0, 
-8.9080002810806, 51.595354154706, 0.0, 
-8.90793113037944, 51.595113761723, 0.0, 
-8.91050797887146, 51.5941828675568, 0.0, 
-8.91174498014152, 51.5935420710593, 0.0, 
-8.91661285422742, 51.5934822242707, 0.0, 
-8.91854555346072, 51.5931258257478, 0.0, 
-8.92174006439745, 51.5921683609486, 0.0, 
-8.92653954215348, 51.5901189856231, 0.0, 
-8.93956032581627, 51.5869291685522, 0.0, 
-8.9402530901134, 51.5863078180701, 0.0, 
-8.94203793257475, 51.5854456555098, 0.0, 
-8.94768448546529, 51.5839411877096, 0.0, 
-8.95191240124404, 51.5810214355588, 0.0, 
-8.9537400752306, 51.5802957303822, 0.0, 
-8.95473064854741, 51.5795199014246, 0.0, 
-8.95646058954298, 51.578865442425, 0.0, 
-8.95789850503206, 51.5779503900558, 0.0, 
-8.95963883958757, 51.5772676002234, 0.0, 
-8.96024971269071, 51.5766677074134, 0.0, 
-8.96097709424794, 51.5762366261333, 0.0, 
-8.96072178147733, 51.575313359499, 0.0, 
-8.9620359800756, 51.5734552592039, 0.0, 
-8.96310517564416, 51.57301411964, 0.0, 
-8.96404135040939, 51.5728693641722, 0.0, 
-8.96510174497962, 51.5719106420875, 0.0, 
-8.96608636714518, 51.5713831689209, 0.0, 
-8.96782661788166, 51.5720816329122, 0.0, 
-8.96846565417945, 51.5721318405122, 0.0, 
-8.96942244842649, 51.5719010028988, 0.0, 
-8.97096287459135, 51.5710860304534, 0.0, 
-8.97203961387277, 51.5707246866077, 0.0, 
-8.97336789406836, 51.5705602336675, 0.0, 
-8.97448277100921, 51.5706819389015, 0.0, 
-8.97535482421517, 51.5699463430792, 0.0, 
-8.977275704965, 51.5691566001624, 0.0, 
-8.97911368869245, 51.5681825391948, 0.0, 
-8.98057415150106, 51.567664956674, 0.0, 
-8.98206939920783, 51.5673873480409, 0.0, 
-8.98516408167779, 51.5674393158406, 0.0, 
-8.98644173517823, 51.5672418382019, 0.0, 
-8.98737531155348, 51.5668628085405, 0.0, 
-8.98867350071669, 51.565883634612, 0.0, 
-8.98933022283018, 51.5655963029712, 0.0, 
-8.98793773725629, 51.5639372728765, 0.0, 
-8.98641189560294, 51.5626150276512, 0.0, 
-8.98560337722301, 51.5615698043257, 0.0, 
-8.98261724039912, 51.5604054741561, 0.0, 
-8.9800369553268, 51.5599633287638, 0.0, 
-8.97646291181445, 51.5606399998069, 0.0, 
-8.97173945792019, 51.5610900241882, 0.0, 
-8.96365704014897, 51.5572087839246, 0.0, 
-8.96293946541846, 51.557090934366, 0.0, 
-8.95967915654182, 51.557146338746, 0.0, 
-8.95843042060733, 51.5567971486598, 0.0, 
-8.95693567581475, 51.5557678509504, 0.0, 
-8.95496835932136, 51.5538680087775, 0.0, 
-8.95470835268497, 51.5520890336484, 0.0, 
-8.95385180599988, 51.5508121345192, 0.0, 
-8.95181215368211, 51.550222216174, 0.0, 
-8.94890547730029, 51.5484139043838, 0.0, 
-8.94812420010567, 51.5490741468966, 0.0, 
-8.94684847444296, 51.5508371125907, 0.0, 
-8.94379779696465, 51.5525993239135, 0.0, 
-8.94226449541748, 51.5537337306887, 0.0, 
-8.94142957404256, 51.5555600635707, 0.0, 
-8.94044344313443, 51.5563617926091, 0.0, 
-8.9394002314657, 51.5552923455834, 0.0, 
-8.93801436759531, 51.5542902890593, 0.0, 
-8.9371620118618, 51.5532795991749, 0.0, 
-8.93558504059911, 51.5524564962834, 0.0, 
-8.93483804538846, 51.5518720261753, 0.0, 
-8.93451659940183, 51.5508129727095, 0.0, 
-8.93348294310272, 51.5496307890862, 0.0, 
-8.93300693482161, 51.5486459992826, 0.0, 
-8.93258792348206, 51.5483331028372, 0.0, 
-8.93079872243106, 51.5478614531457, 0.0, 
-8.92591743730009, 51.548274429515, 0.0, 
-8.92353714443743, 51.5482383035123, 0.0, 
-8.92355499789119, 51.5492192376405, 0.0, 
-8.92465981654823, 51.5511394478381, 0.0, 
-8.92470541410148, 51.551805138588, 0.0, 
-8.9244195073843, 51.5531442314386, 0.0, 
-8.9252898003906, 51.5548235457391, 0.0, 
-8.92532902769744, 51.5552864782512, 0.0, 
-8.92341493628919, 51.5585677418858, 0.0, 
-8.92190401442349, 51.5600785799325, 0.0, 
-8.92066592350602, 51.5625690110028, 0.0, 
-8.92039854079485, 51.5645234193653, 0.0, 
-8.92077220603824, 51.5665727108717, 0.0, 
-8.92029753886163, 51.568568777293, 0.0, 
-8.91933823004365, 51.5701370313764, 0.0, 
-8.91778808087111, 51.5709240920842, 0.0, 
-8.91676381230354, 51.5720201935619, 0.0, 
-8.9161323197186, 51.5729634929448, 0.0, 
-8.91593450680375, 51.5740115661174, 0.0, 
-8.91620063222945, 51.5764743369073, 0.0, 
-8.91556276939809, 51.5795036405325, 0.0, 
-8.9152310974896, 51.5800077281892, 0.0, 
-8.90947088599205, 51.5813598129898, 0.0, 
-8.91051116399467, 51.579790469259, 0.0, 
-8.91067779622972, 51.5788718126714, 0.0, 
-8.90946099534631, 51.5763271506876, 0.0, 
-8.9096079301089, 51.5752587094903, 0.0, 
-8.90918028540909, 51.5743410587311, 0.0, 
-8.90898850746453, 51.5728358365595, 0.0, 
-8.91113804653287, 51.5711308736354, 0.0, 
-8.91413759440184, 51.5692938957363, 0.0, 
-8.91209308058023, 51.5684477426112, 0.0, 
-8.91110116615891, 51.5676181018353, 0.0, 
-8.91036816872656, 51.56668452546, 0.0, 
-8.91011469997466, 51.5675700735301, 0.0, 
-8.90882682055235, 51.5679976344109, 0.0, 
-8.90710526145995, 51.569210998714, 0.0, 
-8.90601016581059, 51.5703932661563, 0.0, 
-8.90456202439964, 51.5724190045148, 0.0, 
-8.90273803845048, 51.5738075505942, 0.0, 
-8.89840719290078, 51.5755003597587, 0.0, 
-8.89610996469855, 51.5767480060458, 0.0, 
-8.8900740724057, 51.5787758398801, 0.0, 
-8.88905189931393, 51.5794820152223, 0.0, 
-8.88851378113031, 51.5801308583468, 0.0, 
-8.88763041235507, 51.5806166734546, 0.0, 
-8.88691728003323, 51.5806814655662, 0.0, 
-8.88615184463561, 51.5810402948409, 0.0, 
-8.88570349663496, 51.580990254879, 0.0, 
-8.88462868519127, 51.5799731109291, 0.0, 
-8.88342906720936, 51.5792484115809, 0.0, 
-8.88163072988391, 51.5771031472832, 0.0, 
-8.88138681650162, 51.5770152211189, 0.0, 
-8.87919913977385, 51.5774598810822, 0.0, 
-8.87774261645973, 51.5779649745673, 0.0, 
-8.87603463605046, 51.578244427219, 0.0, 
-8.87515135109425, 51.5787937771529, 0.0, 
-8.87350883334875, 51.5792878065258, 0.0, 
-8.87334127910435, 51.5794893912971, 0.0, 
-8.87332904152572, 51.5804078802466, 0.0, 
-8.87239554896951, 51.5811890736222, 0.0, 
-8.8712112698704, 51.583566935733, 0.0, 
-8.87050794437528, 51.5859687700868, 0.0, 
-8.86838212609291, 51.5877722203732, 0.0, 
-8.86699827387929, 51.5902444627136, 0.0, 
-8.86695007793605, 51.5904799103737, 0.0, 
-8.86725618503988, 51.5909124165773, 0.0, 
-8.86736087501049, 51.5914898458868, 0.0, 
-8.86789379641414, 51.5921038202941, 0.0, 
-8.86867155320942, 51.5925006195903, 0.0, 
-8.87024466879666, 51.5928198024631, 0.0, 
-8.87470535002649, 51.5930991712958, 0.0, 
-8.87711439281702, 51.5926673356444, 0.0, 
-8.87944573536515, 51.5924743842334, 0.0, 
-8.88209567405283, 51.5906959958375, 0.0, 
-8.88580768369138, 51.5903863683343, 0.0, 
-8.89069793745875, 51.5891098883003, 0.0, 
-8.89574501663446, 51.5884692594409, 0.0, 
-8.89791802503169, 51.5879122819752, 0.0, 
-8.90002649277449, 51.5870823059231, 0.0, 
-8.89989238232374, 51.5874711424112, 0.0, 
-8.89754880219698, 51.5894511155784, 0.0, 
-8.89797686599195, 51.5911015123129, 0.0, 
-8.89554041437805, 51.5918637625873, 0.0, 
-8.89566245488822, 51.5921471547335, 0.0, 
-8.89731863513589, 51.5934560727328, 0.0, 
-8.89676685445011, 51.5939565561712, 0.0, 
-8.89665755443275, 51.5949395857751, 0.0, 
-8.89645747840405, 51.5952733531594, 0.0, 
-8.89499475248158, 51.5964990388602, 0.0, 
-8.89658438041806, 51.5966821834445, 0.0, 
-8.8983007427305, 51.5964381024241, 0.0, 
-8.89968467876315, 51.5959656983614, 0.0, 
-8.90193991363049, 51.5948448702693, 0.0, 
-8.90409087762237, 51.5943121165037, 0.0, 
-8.90769417397678, 51.5946928225458, 0.0, 
-8.90803607180715, 51.5953786298633, 0.0, 
-8.90918246470392, 51.5960454102606, 0.0, 
-8.90927927568555, 51.5964417066425, 0.0, 
-8.90911063179374, 51.5972789749503, 0.0, 
-8.90857301652431, 51.5978634450585, 0.0, 
-8.90574848279357, 51.5993045456707, 0.0, 
-8.90259831212461, 51.5998457651585, 0.0, 
-8.9003505371511, 51.6011836845428, 0.0, 
-8.89986698515713, 51.6017541568726, 0.0, 
-8.90003931708634, 51.6026899963617, 0.0, 
-8.90099820680916, 51.6036109160632, 0.0, 
-8.90193630941212, 51.6040112357587, 0.0, 
-8.90353356488049, 51.6042165923864, 0.0, 
-8.90413639135659, 51.6045572329313, 0.0, 
-8.90554446727037, 51.6070349235088, 0.0, 
-8.9052546210587, 51.6071983706206, 0.0, 
-8.904211493209, 51.6074031405151, 0.0, 
-8.90257509425282, 51.6070056706667, 0.0, 
-8.89891681261361, 51.6067354381084, 0.0, 
-8.89743338339031, 51.6060930490494, 0.0, 
-8.89584241434932, 51.6057312022895, 0.0, 
-8.89235747046769, 51.6042804624885, 0.0, 
-8.88559109531343, 51.6028406191617, 0.0, 
-8.88543309643865, 51.6029287967831, 0.0, 
-8.88523469679058, 51.6038409154862, 0.0, 
-8.88483957387507, 51.6043973062187, 0.0, 
-8.88403398916125, 51.6050041560084, 0.0, 
-8.88252885080874, 51.6057797335088, 0.0, 
-8.87892630882561, 51.6061463579535, 0.0, 
-8.87701397761703, 51.606131773442, 0.0, 
-8.87698313221335, 51.6090622544289, 0.0, 
-8.87662061490119, 51.6098758857697, 0.0, 
-8.8758930657059, 51.6104803886265, 0.0, 
-8.87571821920574, 51.6108969692141, 0.0, 
-8.87632976286113, 51.6117681842297, 0.0, 
-8.87636580504477, 51.612337147817, 0.0, 
-8.87540004216135, 51.6135435551405, 0.0, 
-8.87533080764115, 51.6140754707158, 0.0, 
-8.87739099562168, 51.6151823848486, 0.0, 
-8.87899294495583, 51.6153822932392, 0.0, 
-8.88044175691903, 51.6160509176552, 0.0, 
-8.88109998777509, 51.6172170918435, 0.0, 
-8.88077770359814, 51.6185490600765, 0.0, 
-8.88099839910865, 51.6190244816244, 0.0, 
-8.88163886032999, 51.619531000033, 0.0, 
-8.88353484682739, 51.6205646563321, 0.0, 
-8.88429307378829, 51.6206612158567, 0.0, 
-8.88612418435514, 51.6205350682139, 0.0, 
-8.88635569252074, 51.6206321306527, 0.0, 
-8.88653263449669, 51.6210177820176, 0.0, 
</coordinates>
        </LineString>
      </Placemark>
    </Folder>
  </Document>
</kml>
